<?xml version="1.0" encoding="UTF-8"?>
<testsuite xmlns:xsi="http://www.w3.org/2001/XMLSchema-instance" xsi:noNamespaceSchemaLocation="https://maven.apache.org/surefire/maven-surefire-plugin/xsd/surefire-test-report-3.0.xsd" version="3.0" name="testesAPI.RMRunner" time="3.724" tests="8" errors="0" skipped="0" failures="2">
  <properties>
[...]
</properties>
  <testcase name="[1:6] Login e captura do token" classname="testesAPI/RM" time="1.581">
    <system-out><![CDATA[19:17:28.999 [main] DEBUG com.intuit.karate.Suite - [config] classpath:karate-config.js
19:17:30.076 [main] INFO  com.intuit.karate - karate.env system property was: null 
19:17:30.548 [main] DEBUG com.intuit.karate - request:
1 > POST http://localhost:3000/auth/login
1 > Content-Type: application/json; charset=UTF-8
1 > Content-Length: 56
1 > Host: localhost:3000
1 > Connection: Keep-Alive
1 > User-Agent: Apache-HttpClient/4.5.13 (Java/17.0.6)
1 > Accept-Encoding: gzip,deflate
{"password":"Fetin@2024","email":"amanda@ges.inatel.br"}

19:17:30.605 [main] DEBUG com.intuit.karate - response time in milliseconds: 51
1 < 201
1 < X-Powered-By: Express
1 < Access-Control-Allow-Origin: *
1 < Content-Type: application/json; charset=utf-8
1 < Content-Length: 660
1 < ETag: W/"294-5hNpDxKjtf8Djv/W6Da9OGbYPiU"
1 < Date: Tue, 14 May 2024 22:17:30 GMT
1 < Connection: keep-alive
1 < Keep-Alive: timeout=5
1 < Set-Cookie: Authentication=eyJhbGciOiJIUzI1NiIsInR5cCI6IkpXVCJ9.eyJfaWQiOiI2NjQzYmJmZGNhMDEyMzA5MWUwODgwYTkiLCJuYW1lIjoiQW1hbmRhIiwiZW1haWwiOiJhbWFuZGFAZ2VzLmluYXRlbC5iciIsInBhc3N3b3JkIjoiJDJiJDEwJHFzWVA4SENkTHVWZmd6ckJSNmw2b2Vlc2VYeFY1cmJDSXpVN1BNTkRGMDl5aE9ueGhMa0E2Iiwicm9sZSI6InN0dWRlbnQiLCJ0ZWFtTnVtYmVyIjoiMTBBIiwiX192IjowLCJzdWIiOiI2NjQzYmJmZGNhMDEyMzA5MWUwODgwYTkiLCJpYXQiOjE3MTU3MjUwNTAsImV4cCI6MTcxNTk4NDI1MH0.DQjDE8sAi4qHFsYXNStYtk0g1q6rLYrIIo8dBTfEr8I; Domain=localhost
{"acessToken":"eyJhbGciOiJIUzI1NiIsInR5cCI6IkpXVCJ9.eyJfaWQiOiI2NjQzYmJmZGNhMDEyMzA5MWUwODgwYTkiLCJuYW1lIjoiQW1hbmRhIiwiZW1haWwiOiJhbWFuZGFAZ2VzLmluYXRlbC5iciIsInBhc3N3b3JkIjoiJDJiJDEwJHFzWVA4SENkTHVWZmd6ckJSNmw2b2Vlc2VYeFY1cmJDSXpVN1BNTkRGMDl5aE9ueGhMa0E2Iiwicm9sZSI6InN0dWRlbnQiLCJ0ZWFtTnVtYmVyIjoiMTBBIiwiX192IjowLCJzdWIiOiI2NjQzYmJmZGNhMDEyMzA5MWUwODgwYTkiLCJpYXQiOjE3MTU3MjUwNTAsImV4cCI6MTcxNTk4NDI1MH0.DQjDE8sAi4qHFsYXNStYtk0g1q6rLYrIIo8dBTfEr8I","user":{"password":"$2b$10$qsYP8HCdLuVfgzrBR6l6oeeseXxV5rbCIzU7PMNDF09yhOnxhLkA6","role":"student","__v":0,"name":"Amanda","teamNumber":"10A","_id":"6643bbfdca0123091e0880a9","email":"amanda@ges.inatel.br"}}
]]></system-out>
  </testcase>
  <testcase name="[2:14] POST do USER (admin ou student)" classname="testesAPI/RM" time="0.187">
    <system-out><![CDATA[19:17:30.632 [main] INFO  com.intuit.karate - karate.env system property was: null 
19:17:30.685 [main] DEBUG com.intuit.karate - request:
1 > POST http://localhost:3000/users
1 > Authorization: Bearer eyJhbGciOiJIUzI1NiIsInR5cCI6IkpXVCJ9.eyJfaWQiOiI2NjQwMDg4M2FjZmQ2ZDJlN2FlOGMyMzMiLCJuYW1lIjoiSnVyYW5kaSIsImVtYWlsIjoianVyaUBnbWFpbC5jb20iLCJwYXNzd29yZCI6IiQyYiQxMCRvU2JDc3NNRlhaaEo0SExQc1N6YXR1azVvWXZEc3RRT3EzYkFOTzBPWi9QVDV3ZTM2SzVUYSIsInJvbGUiOiJhZG1pbiIsIl9fdiI6MCwic3ViIjoiNjY0MDA4ODNhY2ZkNmQyZTdhZThjMjMzIiwiaWF0IjoxNzE1NzIxMzQyLCJleHAiOjE3MTU5ODA1NDJ9.QCvO_QEjiMcHFUOv259J-2AeUTkTr6dvwjzbutTTn1c
1 > Content-Type: application/json; charset=UTF-8
1 > Content-Length: 154
1 > Host: localhost:3000
1 > Connection: Keep-Alive
1 > User-Agent: Apache-HttpClient/4.5.13 (Java/17.0.6)
1 > Accept-Encoding: gzip,deflate
{"role":"#(randomRole())","name":"#(randomFirstName())","teamNumber":"#(randomTeamNumber())","email":"#(randomEmail(randomFirstName(),randomlastName()))"}

19:17:30.808 [main] DEBUG com.intuit.karate - response time in milliseconds: 122
1 < 201
1 < X-Powered-By: Express
1 < Access-Control-Allow-Origin: *
1 < Content-Type: application/json; charset=utf-8
1 < Content-Length: 269
1 < ETag: W/"10d-uBsKCwfFggWOYFTcS/bXbXCZDZ8"
1 < Date: Tue, 14 May 2024 22:17:30 GMT
1 < Connection: keep-alive
1 < Keep-Alive: timeout=5
{"password":"$2b$10$MAdsFhQOaI8w0lN7nRDZ3OHZMB9QU6KaaKkZI.eeJB53jxEvO83uS","role":"#(randomRole())","__v":0,"name":"#(randomFirstName())","teamNumber":"#(randomTeamNumber())","_id":"6643e2fac252f6f9e4195cb5","email":"#(randomEmail(randomFirstName(),randomlastName()))"}
]]></system-out>
  </testcase>
  <testcase name="[3:38] GET do usuário por e-mail" classname="testesAPI/RM" time="0.037">
    <system-out><![CDATA[19:17:30.820 [main] INFO  com.intuit.karate - karate.env system property was: null 
19:17:30.825 [main] DEBUG com.intuit.karate - request:
1 > GET http://localhost:3000/users/juri%40gmail.com
1 > Authorization: Bearer eyJhbGciOiJIUzI1NiIsInR5cCI6IkpXVCJ9.eyJfaWQiOiI2NjQwMDg4M2FjZmQ2ZDJlN2FlOGMyMzMiLCJuYW1lIjoiSnVyYW5kaSIsImVtYWlsIjoianVyaUBnbWFpbC5jb20iLCJwYXNzd29yZCI6IiQyYiQxMCRvU2JDc3NNRlhaaEo0SExQc1N6YXR1azVvWXZEc3RRT3EzYkFOTzBPWi9QVDV3ZTM2SzVUYSIsInJvbGUiOiJhZG1pbiIsIl9fdiI6MCwic3ViIjoiNjY0MDA4ODNhY2ZkNmQyZTdhZThjMjMzIiwiaWF0IjoxNzE1NzIxMzQyLCJleHAiOjE3MTU5ODA1NDJ9.QCvO_QEjiMcHFUOv259J-2AeUTkTr6dvwjzbutTTn1c
1 > Host: localhost:3000
1 > Connection: Keep-Alive
1 > User-Agent: Apache-HttpClient/4.5.13 (Java/17.0.6)
1 > Accept-Encoding: gzip,deflate


19:17:30.845 [main] DEBUG com.intuit.karate - response time in milliseconds: 20
1 < 200
1 < X-Powered-By: Express
1 < Access-Control-Allow-Origin: *
1 < Content-Type: application/json; charset=utf-8
1 < Content-Length: 173
1 < ETag: W/"ad-KkKEIjtzdG7SbHhpKksYwPKses4"
1 < Date: Tue, 14 May 2024 22:17:30 GMT
1 < Connection: keep-alive
1 < Keep-Alive: timeout=5
{"password":"$2b$10$oSbCssMFXZhJ4HLPsSzatuk5oYvDstQOq3bANO0OZ\/PT5we36K5Ta","role":"admin","__v":0,"name":"Jurandi","_id":"66400883acfd6d2e7ae8c233","email":"juri@gmail.com"}
]]></system-out>
  </testcase>
  <testcase name="[4:44] Get list of all teams" classname="testesAPI/RM" time="0.025">
    <system-out><![CDATA[19:17:30.859 [main] INFO  com.intuit.karate - karate.env system property was: null 
19:17:30.863 [main] DEBUG com.intuit.karate - request:
1 > GET http://localhost:3000/teams
1 > Authorization: Bearer eyJhbGciOiJIUzI1NiIsInR5cCI6IkpXVCJ9.eyJfaWQiOiI2NjQwMDg4M2FjZmQ2ZDJlN2FlOGMyMzMiLCJuYW1lIjoiSnVyYW5kaSIsImVtYWlsIjoianVyaUBnbWFpbC5jb20iLCJwYXNzd29yZCI6IiQyYiQxMCRvU2JDc3NNRlhaaEo0SExQc1N6YXR1azVvWXZEc3RRT3EzYkFOTzBPWi9QVDV3ZTM2SzVUYSIsInJvbGUiOiJhZG1pbiIsIl9fdiI6MCwic3ViIjoiNjY0MDA4ODNhY2ZkNmQyZTdhZThjMjMzIiwiaWF0IjoxNzE1NzIxMzQyLCJleHAiOjE3MTU5ODA1NDJ9.QCvO_QEjiMcHFUOv259J-2AeUTkTr6dvwjzbutTTn1c
1 > Host: localhost:3000
1 > Connection: Keep-Alive
1 > User-Agent: Apache-HttpClient/4.5.13 (Java/17.0.6)
1 > Accept-Encoding: gzip,deflate


19:17:30.870 [main] DEBUG com.intuit.karate - response time in milliseconds: 5
1 < 200
1 < X-Powered-By: Express
1 < Access-Control-Allow-Origin: *
1 < Content-Type: application/json; charset=utf-8
1 < Content-Length: 348
1 < ETag: W/"15c-eajFXGLlY96GdQpZ6vP070yE280"
1 < Date: Tue, 14 May 2024 22:17:30 GMT
1 < Connection: keep-alive
1 < Keep-Alive: timeout=5
[{"number":"12","delivery":[],"createdAt":"2024-05-14T21:40:07.697Z","members":[{"name":"Lucileia","email":"luci@gmail.com"}],"__v":0,"name":"Rolezin","_id":"6643da37c252f6f9e4195c6c","advisorName":"Marcelo","extraActivities":["APP Inventor"],"advisorEmail":"marcelo@gmail.com","status":"Em Desenvolvimento","updatedAt":"2024-05-14T21:40:07.697Z"}]
]]></system-out>
  </testcase>
  <testcase name="[5:51] Get team details" classname="testesAPI/RM" time="0.025">
    <system-out><![CDATA[19:17:30.882 [main] INFO  com.intuit.karate - karate.env system property was: null 
19:17:30.886 [main] DEBUG com.intuit.karate - request:
1 > GET http://localhost:3000/teams/12
1 > Authorization: Bearer eyJhbGciOiJIUzI1NiIsInR5cCI6IkpXVCJ9.eyJfaWQiOiI2NjQwMDg4M2FjZmQ2ZDJlN2FlOGMyMzMiLCJuYW1lIjoiSnVyYW5kaSIsImVtYWlsIjoianVyaUBnbWFpbC5jb20iLCJwYXNzd29yZCI6IiQyYiQxMCRvU2JDc3NNRlhaaEo0SExQc1N6YXR1azVvWXZEc3RRT3EzYkFOTzBPWi9QVDV3ZTM2SzVUYSIsInJvbGUiOiJhZG1pbiIsIl9fdiI6MCwic3ViIjoiNjY0MDA4ODNhY2ZkNmQyZTdhZThjMjMzIiwiaWF0IjoxNzE1NzIxMzQyLCJleHAiOjE3MTU5ODA1NDJ9.QCvO_QEjiMcHFUOv259J-2AeUTkTr6dvwjzbutTTn1c
1 > Host: localhost:3000
1 > Connection: Keep-Alive
1 > User-Agent: Apache-HttpClient/4.5.13 (Java/17.0.6)
1 > Accept-Encoding: gzip,deflate


19:17:30.898 [main] DEBUG com.intuit.karate - response time in milliseconds: 10
1 < 200
1 < X-Powered-By: Express
1 < Access-Control-Allow-Origin: *
1 < Content-Type: application/json; charset=utf-8
1 < Content-Length: 346
1 < ETag: W/"15a-rjTfPwK5eu2UmSQXYoMvFUpzaZk"
1 < Date: Tue, 14 May 2024 22:17:30 GMT
1 < Connection: keep-alive
1 < Keep-Alive: timeout=5
{"number":"12","delivery":[],"createdAt":"2024-05-14T21:40:07.697Z","members":[{"name":"Lucileia","email":"luci@gmail.com"}],"__v":0,"name":"Rolezin","_id":"6643da37c252f6f9e4195c6c","advisorName":"Marcelo","extraActivities":["APP Inventor"],"advisorEmail":"marcelo@gmail.com","status":"Em Desenvolvimento","updatedAt":"2024-05-14T21:40:07.697Z"}
]]></system-out>
  </testcase>
  <testcase name="[6:57] Deletando time pelo ID" classname="testesAPI/RM" time="0.032">
    <failure type="org.opentest4j.AssertionFailedError"><![CDATA[org.opentest4j.AssertionFailedError: 
status code was: 500, expected: 200, response time in milliseconds: 7, url: http://localhost:3000/teams/12, response: 
{"statusCode":500,"message":"Internal server error"}
classpath:testesAPI/RM.feature:61
]]></failure>
    <system-out><![CDATA[19:17:30.911 [main] INFO  com.intuit.karate - karate.env system property was: null 
19:17:30.915 [main] DEBUG com.intuit.karate - request:
1 > DELETE http://localhost:3000/teams/12
1 > Authorization: Bearer eyJhbGciOiJIUzI1NiIsInR5cCI6IkpXVCJ9.eyJfaWQiOiI2NjQwMDg4M2FjZmQ2ZDJlN2FlOGMyMzMiLCJuYW1lIjoiSnVyYW5kaSIsImVtYWlsIjoianVyaUBnbWFpbC5jb20iLCJwYXNzd29yZCI6IiQyYiQxMCRvU2JDc3NNRlhaaEo0SExQc1N6YXR1azVvWXZEc3RRT3EzYkFOTzBPWi9QVDV3ZTM2SzVUYSIsInJvbGUiOiJhZG1pbiIsIl9fdiI6MCwic3ViIjoiNjY0MDA4ODNhY2ZkNmQyZTdhZThjMjMzIiwiaWF0IjoxNzE1NzIxMzQyLCJleHAiOjE3MTU5ODA1NDJ9.QCvO_QEjiMcHFUOv259J-2AeUTkTr6dvwjzbutTTn1c
1 > Host: localhost:3000
1 > Connection: Keep-Alive
1 > User-Agent: Apache-HttpClient/4.5.13 (Java/17.0.6)
1 > Accept-Encoding: gzip,deflate


19:17:30.924 [main] DEBUG com.intuit.karate - response time in milliseconds: 7
1 < 500
1 < X-Powered-By: Express
1 < Access-Control-Allow-Origin: *
1 < Content-Type: application/json; charset=utf-8
1 < Content-Length: 52
1 < ETag: W/"34-rlKccw1E+/fV8niQk4oFitDfPro"
1 < Date: Tue, 14 May 2024 22:17:30 GMT
1 < Connection: keep-alive
1 < Keep-Alive: timeout=5
{"message":"Internal server error","statusCode":500}
19:17:30.927 [main] ERROR com.intuit.karate - classpath:testesAPI/RM.feature:61
Then status 200
status code was: 500, expected: 200, response time in milliseconds: 7, url: http://localhost:3000/teams/12, response: 
{"statusCode":500,"message":"Internal server error"}
classpath:testesAPI/RM.feature:61
]]></system-out>
  </testcase>
  <testcase name="[7:63] Get teams for a specific advisor" classname="testesAPI/RM" time="0.033">
    <system-out><![CDATA[19:17:30.950 [main] INFO  com.intuit.karate - karate.env system property was: null 
19:17:30.956 [main] DEBUG com.intuit.karate - request:
1 > GET http://localhost:3000/teams/advisor/giovanni@rocket.com
1 > Authorization: Bearer eyJhbGciOiJIUzI1NiIsInR5cCI6IkpXVCJ9.eyJfaWQiOiI2NjQwMDg4M2FjZmQ2ZDJlN2FlOGMyMzMiLCJuYW1lIjoiSnVyYW5kaSIsImVtYWlsIjoianVyaUBnbWFpbC5jb20iLCJwYXNzd29yZCI6IiQyYiQxMCRvU2JDc3NNRlhaaEo0SExQc1N6YXR1azVvWXZEc3RRT3EzYkFOTzBPWi9QVDV3ZTM2SzVUYSIsInJvbGUiOiJhZG1pbiIsIl9fdiI6MCwic3ViIjoiNjY0MDA4ODNhY2ZkNmQyZTdhZThjMjMzIiwiaWF0IjoxNzE1NzIxMzQyLCJleHAiOjE3MTU5ODA1NDJ9.QCvO_QEjiMcHFUOv259J-2AeUTkTr6dvwjzbutTTn1c
1 > Host: localhost:3000
1 > Connection: Keep-Alive
1 > User-Agent: Apache-HttpClient/4.5.13 (Java/17.0.6)
1 > Accept-Encoding: gzip,deflate


19:17:30.973 [main] DEBUG com.intuit.karate - response time in milliseconds: 15
1 < 200
1 < X-Powered-By: Express
1 < Access-Control-Allow-Origin: *
1 < Content-Type: application/json; charset=utf-8
1 < Content-Length: 2
1 < ETag: W/"2-l9Fw4VUO7kr8CvBlt4zaMCqXZ0w"
1 < Date: Tue, 14 May 2024 22:17:30 GMT
1 < Connection: keep-alive
1 < Keep-Alive: timeout=5
[]
]]></system-out>
  </testcase>
  <testcase name="[8:70] Remove a member by email" classname="testesAPI/RM" time="1.033">
    <failure type="org.opentest4j.AssertionFailedError"><![CDATA[org.opentest4j.AssertionFailedError: 
status code was: 500, expected: 200, response time in milliseconds: 7, url: http://localhost:3000/teams/team123/members, response: 
{"statusCode":500,"message":"Internal server error"}
classpath:testesAPI/RM.feature:75
]]></failure>
    <system-out><![CDATA[19:17:30.988 [main] INFO  com.intuit.karate - karate.env system property was: null 
19:17:31.001 [main] DEBUG com.intuit.karate - request:
1 > DELETE http://localhost:3000/teams/team123/members
1 > Authorization: Bearer eyJhbGciOiJIUzI1NiIsInR5cCI6IkpXVCJ9.eyJfaWQiOiI2NjQwMDg4M2FjZmQ2ZDJlN2FlOGMyMzMiLCJuYW1lIjoiSnVyYW5kaSIsImVtYWlsIjoianVyaUBnbWFpbC5jb20iLCJwYXNzd29yZCI6IiQyYiQxMCRvU2JDc3NNRlhaaEo0SExQc1N6YXR1azVvWXZEc3RRT3EzYkFOTzBPWi9QVDV3ZTM2SzVUYSIsInJvbGUiOiJhZG1pbiIsIl9fdiI6MCwic3ViIjoiNjY0MDA4ODNhY2ZkNmQyZTdhZThjMjMzIiwiaWF0IjoxNzE1NzIxMzQyLCJleHAiOjE3MTU5ODA1NDJ9.QCvO_QEjiMcHFUOv259J-2AeUTkTr6dvwjzbutTTn1c
1 > Content-Type: text/plain; charset=UTF-8
1 > Content-Length: 16
1 > Host: localhost:3000
1 > Connection: Keep-Alive
1 > User-Agent: Apache-HttpClient/4.5.13 (Java/17.0.6)
1 > Accept-Encoding: gzip,deflate
james@rocket.com

19:17:31.010 [main] DEBUG com.intuit.karate - response time in milliseconds: 7
1 < 500
1 < X-Powered-By: Express
1 < Access-Control-Allow-Origin: *
1 < Content-Type: application/json; charset=utf-8
1 < Content-Length: 52
1 < ETag: W/"34-rlKccw1E+/fV8niQk4oFitDfPro"
1 < Date: Tue, 14 May 2024 22:17:31 GMT
1 < Connection: keep-alive
1 < Keep-Alive: timeout=5
{"message":"Internal server error","statusCode":500}
19:17:31.012 [main] ERROR com.intuit.karate - classpath:testesAPI/RM.feature:75
Then status 200
status code was: 500, expected: 200, response time in milliseconds: 7, url: http://localhost:3000/teams/team123/members, response: 
{"statusCode":500,"message":"Internal server error"}
classpath:testesAPI/RM.feature:75
---------------------------------------------------------
feature: classpath:testesAPI/RM.feature
scenarios:  8 | passed:  6 | failed:  2 | time: 0,7818
---------------------------------------------------------

Karate version: 1.0.1
======================================================
elapsed:   3,06 | threads:    1 | thread time: 0,78 
features:     1 | skipped:    0 | efficiency: 0,26
scenarios:    8 | passed:     6 | failed: 2
======================================================
>>> failed features:
status code was: 500, expected: 200, response time in milliseconds: 7, url: http://localhost:3000/teams/12, response: 
{"statusCode":500,"message":"Internal server error"}
classpath:testesAPI/RM.feature:61
status code was: 500, expected: 200, response time in milliseconds: 7, url: http://localhost:3000/teams/team123/members, response: 
{"statusCode":500,"message":"Internal server error"}
classpath:testesAPI/RM.feature:75
<<<

HTML report: (paste into browser to view) | Karate version: 1.0.1
file:///D:/Inatel/P7/S204/ehosDEVida_testes/back/teste.back/target/karate-reports/karate-summary.html
===================================================================

]]></system-out>
  </testcase>
</testsuite>